{
  "stats": {
    "suites": 1,
    "tests": 11,
    "passes": 9,
    "pending": 0,
    "failures": 2,
    "start": "2025-04-04T07:23:16.256Z",
    "end": "2025-04-04T07:26:20.714Z",
    "duration": 184458,
    "testsRegistered": 11,
    "passPercent": 81.81818181818183,
    "pendingPercent": 0,
    "other": 0,
    "hasOther": false,
    "skipped": 0,
    "hasSkipped": false
  },
  "results": [
    {
      "uuid": "10805bc7-d3f1-4e1e-b59f-23af8349b6de",
      "title": "",
      "fullFile": "cypress\\e2e\\specs\\admin-landing.cy.js",
      "file": "cypress\\e2e\\specs\\admin-landing.cy.js",
      "beforeHooks": [],
      "afterHooks": [],
      "tests": [],
      "suites": [
        {
          "uuid": "64a4f714-ef7d-4039-aa1b-d2de9a5db5ae",
          "title": "Admin Landing Test",
          "fullFile": "",
          "file": "",
          "beforeHooks": [],
          "afterHooks": [],
          "tests": [
            {
              "title": "Test Case 1: Verify the page admin-landing",
              "fullTitle": "Admin Landing Test Test Case 1: Verify the page admin-landing",
              "timedOut": null,
              "duration": 9690,
              "state": "passed",
              "speed": "medium",
              "pass": true,
              "fail": false,
              "pending": false,
              "context": null,
              "code": "// Arrange: Define the expected URL part\nconst expectedUrl = '/admin-landing';\n// Assert:\ncy.VerifyUrl(expectedUrl);",
              "err": {},
              "uuid": "b4d4f95a-364e-413d-a105-18b3af9b6079",
              "parentUUID": "64a4f714-ef7d-4039-aa1b-d2de9a5db5ae",
              "isHook": false,
              "skipped": false
            },
            {
              "title": "Test Case 2: Should display company list after click ridirect to task calendar page",
              "fullTitle": "Admin Landing Test Test Case 2: Should display company list after click ridirect to task calendar page",
              "timedOut": null,
              "duration": 11924,
              "state": "passed",
              "speed": "slow",
              "pass": true,
              "fail": false,
              "pending": false,
              "context": null,
              "code": "//check and click menu list icon\nadminLanding.SelectCompanyFromToggleButton();\ncy.VerifyUrl('/task-calender');\ncy.wait(2000);",
              "err": {},
              "uuid": "9a9858da-d375-4ab3-9733-842109343946",
              "parentUUID": "64a4f714-ef7d-4039-aa1b-d2de9a5db5ae",
              "isHook": false,
              "skipped": false
            },
            {
              "title": "Test Case 3: Should Create new company",
              "fullTitle": "Admin Landing Test Test Case 3: Should Create new company",
              "timedOut": null,
              "duration": 15162,
              "state": "passed",
              "speed": "slow",
              "pass": true,
              "fail": false,
              "pending": false,
              "context": null,
              "code": "//open comapny create popup\nadminLanding.OpenPopupCreateNewCompany();\nadminLanding.SaveNewCompany();\ncy.wait(2000);",
              "err": {},
              "uuid": "67ff6bfb-c5e9-4a6d-aa5f-ef10a3008f47",
              "parentUUID": "64a4f714-ef7d-4039-aa1b-d2de9a5db5ae",
              "isHook": false,
              "skipped": false
            },
            {
              "title": "Test Case 4: Company should deactivate and activated",
              "fullTitle": "Admin Landing Test Test Case 4: Company should deactivate and activated",
              "timedOut": null,
              "duration": 19321,
              "state": "passed",
              "speed": "slow",
              "pass": true,
              "fail": false,
              "pending": false,
              "context": null,
              "code": "adminLanding.deactivateCompany();\ncy.wait(2000);\nadminLanding.activateCompany();\ncy.wait(2000);",
              "err": {},
              "uuid": "638748b6-957c-4466-938f-dd1c9a187fdf",
              "parentUUID": "64a4f714-ef7d-4039-aa1b-d2de9a5db5ae",
              "isHook": false,
              "skipped": false
            },
            {
              "title": "Test Case 5: Should  edit created company",
              "fullTitle": "Admin Landing Test Test Case 5: Should  edit created company",
              "timedOut": null,
              "duration": 19348,
              "state": "passed",
              "speed": "slow",
              "pass": true,
              "fail": false,
              "pending": false,
              "context": null,
              "code": "//open comapny edit popup \nadminLanding.OpenPopupEditCompany();\nadminLanding.editCompany();\ncy.wait(2000);",
              "err": {},
              "uuid": "2ec9d9b1-f6e9-4ffa-a42d-695d641ff377",
              "parentUUID": "64a4f714-ef7d-4039-aa1b-d2de9a5db5ae",
              "isHook": false,
              "skipped": false
            },
            {
              "title": "Test Case 6: Should  create new user for company",
              "fullTitle": "Admin Landing Test Test Case 6: Should  create new user for company",
              "timedOut": null,
              "duration": 17395,
              "state": "passed",
              "speed": "slow",
              "pass": true,
              "fail": false,
              "pending": false,
              "context": null,
              "code": "//open user create popup \nadminLanding.OpenPopupCreateUser();\nadminLanding.createUser();\ncy.wait(2000);",
              "err": {},
              "uuid": "19805955-4936-4b0a-bb58-ae74a9e8fa29",
              "parentUUID": "64a4f714-ef7d-4039-aa1b-d2de9a5db5ae",
              "isHook": false,
              "skipped": false
            },
            {
              "title": "Test Case 7: User should deactivate and activated",
              "fullTitle": "Admin Landing Test Test Case 7: User should deactivate and activated",
              "timedOut": null,
              "duration": 20015,
              "state": "passed",
              "speed": "slow",
              "pass": true,
              "fail": false,
              "pending": false,
              "context": null,
              "code": "adminLanding.deactivateUser();\ncy.wait(2000);\nadminLanding.activateUser();\ncy.wait(2000);",
              "err": {},
              "uuid": "0b9f6621-8103-4c72-af12-dc175ebf6808",
              "parentUUID": "64a4f714-ef7d-4039-aa1b-d2de9a5db5ae",
              "isHook": false,
              "skipped": false
            },
            {
              "title": "Test Case 8: Should  edit user new created",
              "fullTitle": "Admin Landing Test Test Case 8: Should  edit user new created",
              "timedOut": null,
              "duration": 21278,
              "state": "failed",
              "speed": null,
              "pass": false,
              "fail": true,
              "pending": false,
              "context": null,
              "code": "//open user edit popup \nadminLanding.OpenPopupEditUser();\nadminLanding.editUser();",
              "err": {
                "message": "AssertionError: Timed out retrying after 10000ms: expected '[ <div.dx-toolbar.dx-widget.dx-visibility-change-handler.dx-collection.dx-popup-title>, 1 more... ]' to contain undefined",
                "estack": "AssertionError: Timed out retrying after 10000ms: expected '[ <div.dx-toolbar.dx-widget.dx-visibility-change-handler.dx-collection.dx-popup-title>, 1 more... ]' to contain undefined\n    at Context.eval (webpack://fimes_fe/./cypress/support/commands.js:107:21)\n    at wrapped (http://localhost:4200/__cypress/runner/cypress_runner.js:138854:43)",
                "diff": null
              },
              "uuid": "5604b196-581a-4adc-b854-741fdf64dccc",
              "parentUUID": "64a4f714-ef7d-4039-aa1b-d2de9a5db5ae",
              "isHook": false,
              "skipped": false
            },
            {
              "title": "Test case 9: should toggle password visibility",
              "fullTitle": "Admin Landing Test Test case 9: should toggle password visibility",
              "timedOut": null,
              "duration": 12796,
              "state": "passed",
              "speed": "slow",
              "pass": true,
              "fail": false,
              "pending": false,
              "context": null,
              "code": "adminLanding.togglePasswprdVisibility();",
              "err": {},
              "uuid": "c5018ffd-d38f-4bbd-81ec-c58336673ebf",
              "parentUUID": "64a4f714-ef7d-4039-aa1b-d2de9a5db5ae",
              "isHook": false,
              "skipped": false
            },
            {
              "title": "Test Case 10: Should  delete user from company",
              "fullTitle": "Admin Landing Test Test Case 10: Should  delete user from company",
              "timedOut": null,
              "duration": 15382,
              "state": "passed",
              "speed": "slow",
              "pass": true,
              "fail": false,
              "pending": false,
              "context": null,
              "code": "//open user delete popup \nadminLanding.openUserDeletePopup();\nadminLanding.deleteUser();\ncy.wait(2000);",
              "err": {},
              "uuid": "95ea835f-a2cb-4adc-a413-22e5c77455ba",
              "parentUUID": "64a4f714-ef7d-4039-aa1b-d2de9a5db5ae",
              "isHook": false,
              "skipped": false
            },
            {
              "title": "Test Case 11: Should delete company",
              "fullTitle": "Admin Landing Test Test Case 11: Should delete company",
              "timedOut": null,
              "duration": 21143,
              "state": "failed",
              "speed": null,
              "pass": false,
              "fail": true,
              "pending": false,
              "context": null,
              "code": "//open comapny delete popup\nadminLanding.openCompanyDeletePopup();\nadminLanding.deleteCompany();",
              "err": {
                "message": "AssertionError: Timed out retrying after 10000ms: expected '<div.dx-toolbar.dx-widget.dx-visibility-change-handler.dx-collection.dx-popup-title>' to have text undefined, but the text was 'Eliminar Empresa'",
                "estack": "AssertionError: Timed out retrying after 10000ms: expected '<div.dx-toolbar.dx-widget.dx-visibility-change-handler.dx-collection.dx-popup-title>' to have text undefined, but the text was 'Eliminar Empresa'\n    at Context.eval (webpack://fimes_fe/./cypress/support/commands.js:103:21)\n    at wrapped (http://localhost:4200/__cypress/runner/cypress_runner.js:138854:43)",
                "diff": null
              },
              "uuid": "d2f4f16a-3a12-4999-aaa4-1866a71927b6",
              "parentUUID": "64a4f714-ef7d-4039-aa1b-d2de9a5db5ae",
              "isHook": false,
              "skipped": false
            }
          ],
          "suites": [],
          "passes": [
            "b4d4f95a-364e-413d-a105-18b3af9b6079",
            "9a9858da-d375-4ab3-9733-842109343946",
            "67ff6bfb-c5e9-4a6d-aa5f-ef10a3008f47",
            "638748b6-957c-4466-938f-dd1c9a187fdf",
            "2ec9d9b1-f6e9-4ffa-a42d-695d641ff377",
            "19805955-4936-4b0a-bb58-ae74a9e8fa29",
            "0b9f6621-8103-4c72-af12-dc175ebf6808",
            "c5018ffd-d38f-4bbd-81ec-c58336673ebf",
            "95ea835f-a2cb-4adc-a413-22e5c77455ba"
          ],
          "failures": [
            "5604b196-581a-4adc-b854-741fdf64dccc",
            "d2f4f16a-3a12-4999-aaa4-1866a71927b6"
          ],
          "pending": [],
          "skipped": [],
          "duration": 183454,
          "root": false,
          "rootEmpty": false,
          "_timeout": 2000
        }
      ],
      "passes": [],
      "failures": [],
      "pending": [],
      "skipped": [],
      "duration": 0,
      "root": true,
      "rootEmpty": true,
      "_timeout": 2000
    }
  ],
  "meta": {
    "mocha": {
      "version": "7.0.1"
    },
    "mochawesome": {
      "options": {
        "quiet": false,
        "reportFilename": "mochawesome",
        "saveHtml": true,
        "saveJson": true,
        "consoleReporter": "spec",
        "useInlineDiffs": false,
        "code": true
      },
      "version": "7.1.3"
    },
    "marge": {
      "options": {
        "reportDir": "cypress/reports",
        "overwrite": false,
        "html": true,
        "json": true
      },
      "version": "6.2.0"
    }
  }
}