{
  "stats": {
    "suites": 1,
    "tests": 5,
    "passes": 5,
    "pending": 0,
    "failures": 0,
    "start": "2025-04-04T07:26:23.855Z",
    "end": "2025-04-04T07:26:55.304Z",
    "duration": 31449,
    "testsRegistered": 5,
    "passPercent": 100,
    "pendingPercent": 0,
    "other": 0,
    "hasOther": false,
    "skipped": 0,
    "hasSkipped": false
  },
  "results": [
    {
      "uuid": "f4fa3c8a-48d5-4706-9edd-722006683a57",
      "title": "",
      "fullFile": "cypress\\e2e\\specs\\login.cy.js",
      "file": "cypress\\e2e\\specs\\login.cy.js",
      "beforeHooks": [],
      "afterHooks": [],
      "tests": [],
      "suites": [
        {
          "uuid": "436e64c8-9fd2-482c-af93-995d99f454eb",
          "title": "Login Test",
          "fullFile": "",
          "file": "",
          "beforeHooks": [],
          "afterHooks": [],
          "tests": [
            {
              "title": "Test Case 1: Element exists and is visible",
              "fullTitle": "Login Test Test Case 1: Element exists and is visible",
              "timedOut": null,
              "duration": 1890,
              "state": "passed",
              "speed": "fast",
              "pass": true,
              "fail": false,
              "pending": false,
              "context": null,
              "code": "loginPage.verifyElementExist();",
              "err": {},
              "uuid": "1913c43e-1d76-47f4-9f59-0fd293a9be2f",
              "parentUUID": "436e64c8-9fd2-482c-af93-995d99f454eb",
              "isHook": false,
              "skipped": false
            },
            {
              "title": "Test Case 2: Login with valid credentials - Admin",
              "fullTitle": "Login Test Test Case 2: Login with valid credentials - Admin",
              "timedOut": null,
              "duration": 6499,
              "state": "passed",
              "speed": "medium",
              "pass": true,
              "fail": false,
              "pending": false,
              "context": null,
              "code": "loginPage.login(true);\ncy.VerifyUrl(`${Cypress.config('baseUrl')}/admin-landing`);",
              "err": {},
              "uuid": "deb7e37d-faa0-4e22-a545-52337b2b98a5",
              "parentUUID": "436e64c8-9fd2-482c-af93-995d99f454eb",
              "isHook": false,
              "skipped": false
            },
            {
              "title": "Test Case 3: Login with valid credentials - Normal User",
              "fullTitle": "Login Test Test Case 3: Login with valid credentials - Normal User",
              "timedOut": null,
              "duration": 6471,
              "state": "passed",
              "speed": "medium",
              "pass": true,
              "fail": false,
              "pending": false,
              "context": null,
              "code": "loginPage.login();\ncy.VerifyUrl(`${Cypress.config('baseUrl')}/task-calender`);",
              "err": {},
              "uuid": "d15ec60c-f39b-408d-bb23-de2be1e6a9be",
              "parentUUID": "436e64c8-9fd2-482c-af93-995d99f454eb",
              "isHook": false,
              "skipped": false
            },
            {
              "title": "Test Case 4: should logout successfully - Admin",
              "fullTitle": "Login Test Test Case 4: should logout successfully - Admin",
              "timedOut": null,
              "duration": 6518,
              "state": "passed",
              "speed": "medium",
              "pass": true,
              "fail": false,
              "pending": false,
              "context": null,
              "code": "loginPage.login(true);\nloginPage.logout();\ncy.VerifyUrl(`${Cypress.config('baseUrl')}`);",
              "err": {},
              "uuid": "bf4f5f93-1c5d-457b-b554-a829efe83ebd",
              "parentUUID": "436e64c8-9fd2-482c-af93-995d99f454eb",
              "isHook": false,
              "skipped": false
            },
            {
              "title": "Test Case 5: should logout successfully -  Normal User",
              "fullTitle": "Login Test Test Case 5: should logout successfully -  Normal User",
              "timedOut": null,
              "duration": 9672,
              "state": "passed",
              "speed": "medium",
              "pass": true,
              "fail": false,
              "pending": false,
              "context": null,
              "code": "cy.login();\nloginPage.logout();\ncy.VerifyUrl(`${Cypress.config('baseUrl')}`);",
              "err": {},
              "uuid": "44a954de-abb4-4191-9cdb-16e8c47117c3",
              "parentUUID": "436e64c8-9fd2-482c-af93-995d99f454eb",
              "isHook": false,
              "skipped": false
            }
          ],
          "suites": [],
          "passes": [
            "1913c43e-1d76-47f4-9f59-0fd293a9be2f",
            "deb7e37d-faa0-4e22-a545-52337b2b98a5",
            "d15ec60c-f39b-408d-bb23-de2be1e6a9be",
            "bf4f5f93-1c5d-457b-b554-a829efe83ebd",
            "44a954de-abb4-4191-9cdb-16e8c47117c3"
          ],
          "failures": [],
          "pending": [],
          "skipped": [],
          "duration": 31050,
          "root": false,
          "rootEmpty": false,
          "_timeout": 2000
        }
      ],
      "passes": [],
      "failures": [],
      "pending": [],
      "skipped": [],
      "duration": 0,
      "root": true,
      "rootEmpty": true,
      "_timeout": 2000
    }
  ],
  "meta": {
    "mocha": {
      "version": "7.0.1"
    },
    "mochawesome": {
      "options": {
        "quiet": false,
        "reportFilename": "mochawesome",
        "saveHtml": true,
        "saveJson": true,
        "consoleReporter": "spec",
        "useInlineDiffs": false,
        "code": true
      },
      "version": "7.1.3"
    },
    "marge": {
      "options": {
        "reportDir": "cypress/reports",
        "overwrite": false,
        "html": true,
        "json": true
      },
      "version": "6.2.0"
    }
  }
}